<?xml version="1.0" encoding="UTF-8"?>
<!-- Generated by org.testng.reporters.JUnitXMLReporter -->
<testsuite ignored="0" hostname="LAPTOP-BG6GTRE3" failures="0" tests="3" name="Default test" time="79.593" errors="0" timestamp="2025-04-10T23:40:28 EEST">
  <testcase classname="tests.LoginTest" name="testLogin" time="22.601"/>
  <testcase classname="tests.LoginTest" name="testLogin" time="18.435"/>
  <testcase classname="tests.LoginTest" name="testLogin" time="31.673"/>
</testsuite> <!-- Default test -->
