<?xml version="1.0" encoding="UTF-8"?>
<testng-results ignored="0" total="3" passed="3" failed="0" skipped="0">
  <reporter-output>
  </reporter-output>
  <suite started-at="2025-04-10T23:39:09 EEST" name="Default suite" finished-at="2025-04-10T23:40:28 EEST" duration-ms="79593">
    <groups>
    </groups>
    <test started-at="2025-04-10T23:39:09 EEST" name="Default test" finished-at="2025-04-10T23:40:28 EEST" duration-ms="79593">
      <class name="tests.LoginTest">
        <test-method is-config="true" signature="setUp()[pri:0, instance:tests.LoginTest@692f203f]" started-at="2025-04-10T23:39:09 EEST" name="setUp" finished-at="2025-04-10T23:39:12 EEST" duration-ms="3829" status="PASS">
          <reporter-output>
          </reporter-output>
        </test-method> <!-- setUp -->
        <test-method signature="testLogin(java.lang.String,java.lang.String)[pri:0, instance:tests.LoginTest@692f203f]" started-at="2025-04-10T23:39:15 EEST" name="testLogin" data-provider="loginData" finished-at="2025-04-10T23:39:37 EEST" duration-ms="22601" status="PASS">
          <params>
            <param index="0">
              <value>
                <![CDATA[testuserexample.com]]>
              </value>
            </param>
            <param index="1">
              <value>
                <![CDATA[]]>
              </value>
            </param>
          </params>
          <reporter-output>
          </reporter-output>
        </test-method> <!-- testLogin -->
        <test-method signature="testLogin(java.lang.String,java.lang.String)[pri:0, instance:tests.LoginTest@692f203f]" started-at="2025-04-10T23:39:37 EEST" name="testLogin" data-provider="loginData" finished-at="2025-04-10T23:39:56 EEST" duration-ms="18435" status="PASS">
          <params>
            <param index="0">
              <value>
                <![CDATA[validuser@example.com]]>
              </value>
            </param>
            <param index="1">
              <value>
                <![CDATA[wrongpassword123]]>
              </value>
            </param>
          </params>
          <reporter-output>
          </reporter-output>
        </test-method> <!-- testLogin -->
        <test-method signature="testLogin(java.lang.String,java.lang.String)[pri:0, instance:tests.LoginTest@692f203f]" started-at="2025-04-10T23:39:56 EEST" name="testLogin" data-provider="loginData" finished-at="2025-04-10T23:40:27 EEST" duration-ms="31673" status="PASS">
          <params>
            <param index="0">
              <value>
                <![CDATA[ebakhalil7@gmail.com]]>
              </value>
            </param>
            <param index="1">
              <value>
                <![CDATA[123456789Eba@@]]>
              </value>
            </param>
          </params>
          <reporter-output>
          </reporter-output>
        </test-method> <!-- testLogin -->
        <test-method is-config="true" signature="tearDown()[pri:0, instance:tests.LoginTest@692f203f]" started-at="2025-04-10T23:40:27 EEST" name="tearDown" finished-at="2025-04-10T23:40:28 EEST" duration-ms="839" status="PASS">
          <reporter-output>
          </reporter-output>
        </test-method> <!-- tearDown -->
      </class> <!-- tests.LoginTest -->
    </test> <!-- Default test -->
  </suite> <!-- Default suite -->
</testng-results>
